2024-12-05 16:43:26 0 [Note] Starting MariaDB 10.3.39-MariaDB-0+deb10u2 source revision ca001cf2048f0152689e1895e2dc15486dd0b1af as process 1
2024-12-05 16:43:26 0 [Note] InnoDB: Using Linux native AIO
2024-12-05 16:43:26 0 [Note] InnoDB: Mutexes and rw_locks use GCC atomic builtins
2024-12-05 16:43:26 0 [Note] InnoDB: Uses event mutexes
2024-12-05 16:43:26 0 [Note] InnoDB: Compressed tables use zlib 1.2.11
2024-12-05 16:43:26 0 [Note] InnoDB: Number of pools: 1
2024-12-05 16:43:26 0 [Note] InnoDB: Using generic crc32 instructions
2024-12-05 16:43:26 0 [Note] InnoDB: Initializing buffer pool, total size = 128M, instances = 1, chunk size = 128M
2024-12-05 16:43:26 0 [Note] InnoDB: Completed initialization of buffer pool
2024-12-05 16:43:26 0 [Note] InnoDB: If the mysqld execution user is authorized, page cleaner thread priority can be changed. See the man page of setpriority().
2024-12-05 16:43:26 0 [Note] InnoDB: 128 out of 128 rollback segments are active.
2024-12-05 16:43:26 0 [Note] InnoDB: Creating shared tablespace for temporary tables
2024-12-05 16:43:26 0 [Note] InnoDB: Setting file './ibtmp1' size to 12 MB. Physically writing the file full; Please wait ...
2024-12-05 16:43:26 0 [Note] InnoDB: File './ibtmp1' size is now 12 MB.
2024-12-05 16:43:26 0 [Note] InnoDB: Waiting for purge to start
2024-12-05 16:43:26 0 [Note] InnoDB: 10.3.39 started; log sequence number 1625419; transaction id 20
2024-12-05 16:43:26 0 [Note] InnoDB: Loading buffer pool(s) from /var/lib/mysql/ib_buffer_pool
2024-12-05 16:43:26 0 [Note] Plugin 'FEEDBACK' is disabled.
2024-12-05 16:43:26 0 [Note] InnoDB: Buffer pool(s) load completed at 241205 16:43:26
2024-12-05 16:43:26 0 [Note] Server socket created on IP: '0.0.0.0'.
2024-12-05 16:43:26 0 [Note] Reading of all Master_info entries succeeded
2024-12-05 16:43:26 0 [Note] Added new Master_info '' to hash table
2024-12-05 16:43:26 0 [Note] mysqld: ready for connections.
Version: '10.3.39-MariaDB-0+deb10u2'  socket: '/run/mysqld/mysqld.sock'  port: 3306  Debian 10
2024-12-05 16:49:01 0 [Note] mysqld (initiated by: unknown): Normal shutdown
2024-12-05 16:49:01 0 [Note] Event Scheduler: Purging the queue. 0 events
2024-12-05 16:49:01 0 [Note] InnoDB: FTS optimize thread exiting.
2024-12-05 16:49:01 0 [Note] InnoDB: Starting shutdown...
2024-12-05 16:49:01 0 [Note] InnoDB: Dumping buffer pool(s) to /var/lib/mysql/ib_buffer_pool
2024-12-05 16:49:01 0 [Note] InnoDB: Buffer pool(s) dump completed at 241205 16:49:01
2024-12-05 16:49:02 0 [Note] InnoDB: Removed temporary tablespace data file: "ibtmp1"
2024-12-05 16:49:02 0 [Note] InnoDB: Shutdown completed; log sequence number 1625428; transaction id 21
2024-12-05 16:49:02 0 [Note] mysqld: Shutdown complete

